2021-11-26T21:15:28.760Z [AUDIT] Token created by 'anonymous': tokenId='5bf44071-9b87-43bc-826c-637fda302932', issuer='jfrou@01fnf1mq411yc9j17848m67sgg', subject='jfrou@01fnf1mq411yc9j17848m67sgg', expiry=none, refreshable=false
2021-11-26T21:15:31.298Z [AUDIT] Token created by 'anonymous': tokenId='22096d36-9edf-48c7-99ab-8e482d3650e2', issuer='jfac@01fnf1mjebk08f123fqpr71am0', subject='jfac@01fnf1mjebk08f123fqpr71am0', expiry=1637961451294, refreshable=false
2021-11-26T21:15:31.437Z [AUDIT] Token created by 'anonymous': tokenId='d58ab4f0-a1e1-4ef1-9e58-a9a8003f7137', issuer='jfac@01fnf1mjebk08f123fqpr71am0', subject='jfac@01fnf1mjebk08f123fqpr71am0', expiry=1637961451430, refreshable=false
2021-11-26T21:15:31.645Z [AUDIT] Token created by 'anonymous': tokenId='967789b8-f8a7-40e3-a110-af76ec195b2b', issuer='jfac@01fnf1mjebk08f123fqpr71am0', subject='jfac@01fnf1mjebk08f123fqpr71am0', expiry=1637961451644, refreshable=false
2021-11-26T21:15:32.078Z [AUDIT] Token created by 'anonymous': tokenId='8e30db27-4ae7-453c-a3d4-b4716da6226d', issuer='jfac@01fnf1mjebk08f123fqpr71am0', subject='jfac@01fnf1mjebk08f123fqpr71am0', expiry=1637961452051, refreshable=false
2021-11-26T21:15:32.885Z [AUDIT] Token created by 'anonymous': tokenId='7e7347bf-9ba2-400d-b290-d831b9464ea8', issuer='jfac@01fnf1mjebk08f123fqpr71am0', subject='jfac@01fnf1mjebk08f123fqpr71am0', expiry=1637961452884, refreshable=false
2021-11-26T21:15:33.227Z [AUDIT] Token created by 'anonymous': tokenId='2f220fd3-1062-4d75-8b8b-8e216ae2e9f4', issuer='jfob@01fnf1mjebk08f123fqpr71am0', subject='jfob@01fnf1mjebk08f123fqpr71am0', expiry=none, refreshable=false
2021-11-26T21:15:33.470Z [AUDIT] Token created by 'anonymous': tokenId='94e63c87-a117-42ac-8d12-e184c1e670ab', issuer='jfrt@01fnf1mwvggrgx1ytp54rh032v', subject='jfrt@01fnf1mwvggrgx1ytp54rh032v', expiry=none, refreshable=false
2021-11-26T21:15:33.776Z [AUDIT] Token created by 'anonymous': tokenId='b5ee8dcd-863b-4d67-88d6-d6df9d61394f', issuer='jfmd@01fnf1mr0k2p6w6cz6e6fy2qpt', subject='jfmd@01fnf1mr0k2p6w6cz6e6fy2qpt', expiry=none, refreshable=false
2021-11-26T21:15:33.896Z [AUDIT] Token created by 'anonymous': tokenId='a1f0b613-3616-4d11-b895-491674c92e7e', issuer='jfac@01fnf1mjebk08f123fqpr71am0', subject='jfac@01fnf1mjebk08f123fqpr71am0', expiry=1637961453891, refreshable=false
2021-11-26T21:15:39.251Z [AUDIT] Token created by 'anonymous': tokenId='5851d290-3dfb-4268-90d7-b053be39bcc8', issuer='jffe@000', subject='jffe@000', expiry=none, refreshable=false
2021-11-26T21:15:39.322Z [AUDIT] Token created by 'jffe@000': tokenId='84b92cfb-3153-4287-8360-0d5bb19ee947', issuer='jffe@000', subject='jffe@000/users/jffe@000', expiry=1637961939321, refreshable=false
2021-11-26T21:17:34.801Z [AUDIT] Token created by 'jfrt@01fnf1mwvggrgx1ytp54rh032v': tokenId='f06a60b1-fd66-4cc5-88db-2c5915b487fb', issuer='jfrt@01fnf1mwvggrgx1ytp54rh032v', subject='jfrt@01fnf1mwvggrgx1ytp54rh032v', expiry=2584041454800, refreshable=false
2021-11-26T21:25:42.314Z [AUDIT] Token created by 'jffe@000': tokenId='e13d44bb-e881-4f4c-b57c-a67d1f14b0a6', issuer='jffe@000', subject='jffe@000/users/jffe@000', expiry=1637962542314, refreshable=false
2021-11-26T21:25:42.314Z [AUDIT] Token created by 'jffe@000': tokenId='78a43a15-f26d-45d4-9565-e9b72d177848', issuer='jffe@000', subject='jffe@000/users/jffe@000', expiry=1637962542314, refreshable=false
2021-11-26T21:25:42.314Z [AUDIT] Token created by 'jffe@000': tokenId='1114eb00-c984-481e-9783-b28a44b17bb7', issuer='jffe@000', subject='jffe@000/users/jffe@000', expiry=1637962542314, refreshable=false
2021-11-26T21:25:42.315Z [AUDIT] Token created by 'jffe@000': tokenId='0dfa4282-3967-4339-9412-c8715535020f', issuer='jffe@000', subject='jffe@000/users/jffe@000', expiry=1637962542315, refreshable=false
2021-11-26T21:25:42.316Z [AUDIT] Token created by 'jffe@000': tokenId='6e32cd5d-a25d-47c2-97a7-4ba010fdbdda', issuer='jffe@000', subject='jffe@000/users/jffe@000', expiry=1637962542316, refreshable=false
2021-11-26T21:35:41.707Z [AUDIT] Token created by 'jffe@000': tokenId='1dc6c838-2abc-46ad-a4c1-f61a8b6a6344', issuer='jffe@000', subject='jffe@000/users/jffe@000', expiry=1637963141707, refreshable=false
2021-11-26T21:35:41.707Z [AUDIT] Token created by 'jffe@000': tokenId='925cac15-d2ac-4b64-a9ef-9e96f4e1baaa', issuer='jffe@000', subject='jffe@000/users/jffe@000', expiry=1637963141707, refreshable=false
2021-11-26T21:35:41.708Z [AUDIT] Token created by 'jffe@000': tokenId='6a5ee8a3-9d0c-4f78-ab5a-b3c37ae2a8e2', issuer='jffe@000', subject='jffe@000/users/jffe@000', expiry=1637963141708, refreshable=false
2021-11-26T21:35:41.708Z [AUDIT] Token created by 'jffe@000': tokenId='b8692e6d-34f8-4312-a5bc-8083058de2dc', issuer='jffe@000', subject='jffe@000/users/jffe@000', expiry=1637963141708, refreshable=false
2021-11-26T21:35:41.709Z [AUDIT] Token created by 'jffe@000': tokenId='5f3678e9-fb98-436e-94d1-d7a1fdd19d7a', issuer='jffe@000', subject='jffe@000/users/jffe@000', expiry=1637963141709, refreshable=false
2021-11-26T21:45:41.767Z [AUDIT] Token created by 'jffe@000': tokenId='f5688df1-08d3-471c-8acd-b6c4912ad2b8', issuer='jffe@000', subject='jffe@000/users/jffe@000', expiry=1637963741767, refreshable=false
2021-11-26T21:45:41.767Z [AUDIT] Token created by 'jffe@000': tokenId='6ce375be-aba1-4bf2-9a90-d8dc92f09ed8', issuer='jffe@000', subject='jffe@000/users/jffe@000', expiry=1637963741767, refreshable=false
2021-11-26T21:45:41.769Z [AUDIT] Token created by 'jffe@000': tokenId='08fefc4d-7158-4f32-b50f-6695456ced32', issuer='jffe@000', subject='jffe@000/users/jffe@000', expiry=1637963741769, refreshable=false
2021-11-26T21:45:41.770Z [AUDIT] Token created by 'jffe@000': tokenId='46ebae1a-4907-4e9a-adb6-e108f4872a0c', issuer='jffe@000', subject='jffe@000/users/jffe@000', expiry=1637963741770, refreshable=false
2021-11-26T21:45:41.776Z [AUDIT] Token created by 'jffe@000': tokenId='b659b86c-7676-4656-a91d-8c42d0e0ba64', issuer='jffe@000', subject='jffe@000/users/jffe@000', expiry=1637963741767, refreshable=false
2021-11-26T21:55:41.780Z [AUDIT] Token created by 'jffe@000': tokenId='f26640cb-7c71-480d-b2b1-9cf407b2d0c8', issuer='jffe@000', subject='jffe@000/users/jffe@000', expiry=1637964341780, refreshable=false
2021-11-26T21:55:41.781Z [AUDIT] Token created by 'jffe@000': tokenId='5f2e8da4-9075-42fc-a20d-b21b7e405cf9', issuer='jffe@000', subject='jffe@000/users/jffe@000', expiry=1637964341781, refreshable=false
2021-11-26T21:55:41.787Z [AUDIT] Token created by 'jffe@000': tokenId='1c0fae22-303a-4a83-9c46-da19c6dc1df5', issuer='jffe@000', subject='jffe@000/users/jffe@000', expiry=1637964341787, refreshable=false
2021-11-26T21:55:41.790Z [AUDIT] Token created by 'jffe@000': tokenId='9c40a773-f8aa-4338-8810-5e9899060c30', issuer='jffe@000', subject='jffe@000/users/jffe@000', expiry=1637964341790, refreshable=false
2021-11-26T21:55:41.795Z [AUDIT] Token created by 'jffe@000': tokenId='5831199f-7bfb-47c4-a833-bcbc237b4a9a', issuer='jffe@000', subject='jffe@000/users/jffe@000', expiry=1637964341795, refreshable=false
2021-11-26T22:05:41.839Z [AUDIT] Token created by 'jffe@000': tokenId='24d319ed-9290-47bd-8366-bb6d31752387', issuer='jffe@000', subject='jffe@000/users/jffe@000', expiry=1637964941839, refreshable=false
2021-11-26T22:05:41.840Z [AUDIT] Token created by 'jffe@000': tokenId='d33af87d-133f-4fd3-b455-58abfe8da78e', issuer='jffe@000', subject='jffe@000/users/jffe@000', expiry=1637964941840, refreshable=false
2021-11-26T22:05:41.839Z [AUDIT] Token created by 'jffe@000': tokenId='9c1ed03e-d355-4c60-8a06-b12b0c7848ee', issuer='jffe@000', subject='jffe@000/users/jffe@000', expiry=1637964941839, refreshable=false
2021-11-26T22:05:41.843Z [AUDIT] Token created by 'jffe@000': tokenId='dbed698c-1a4b-487f-a90f-92e8880b1644', issuer='jffe@000', subject='jffe@000/users/jffe@000', expiry=1637964941843, refreshable=false
2021-11-26T22:05:41.848Z [AUDIT] Token created by 'jffe@000': tokenId='5b52755c-73f5-4ce8-88b7-1ed5d794ca10', issuer='jffe@000', subject='jffe@000/users/jffe@000', expiry=1637964941847, refreshable=false
2021-11-26T22:15:41.908Z [AUDIT] Token created by 'jffe@000': tokenId='11611fb5-ffef-4b39-a560-e608f7ead193', issuer='jffe@000', subject='jffe@000/users/jffe@000', expiry=1637965541907, refreshable=false
2021-11-26T22:15:41.938Z [AUDIT] Token created by 'jffe@000': tokenId='9d754752-2c69-4d4b-8081-08b05422dafd', issuer='jffe@000', subject='jffe@000/users/jffe@000', expiry=1637965541938, refreshable=false
2021-11-26T22:15:41.938Z [AUDIT] Token created by 'jffe@000': tokenId='c92bdadc-3f51-4e3a-abb4-bcb7cfb71d30', issuer='jffe@000', subject='jffe@000/users/jffe@000', expiry=1637965541938, refreshable=false
2021-11-26T22:15:41.940Z [AUDIT] Token created by 'jffe@000': tokenId='e756e05c-8cb4-4a08-b2bc-bbcbc572a833', issuer='jffe@000', subject='jffe@000/users/jffe@000', expiry=1637965541940, refreshable=false
2021-11-26T22:15:41.946Z [AUDIT] Token created by 'jffe@000': tokenId='67ab7063-44fe-4bcd-93c5-bd30c19f6412', issuer='jffe@000', subject='jffe@000/users/jffe@000', expiry=1637965541946, refreshable=false
2021-11-26T22:22:03.678Z [AUDIT] Token created by 'jffe@000': tokenId='64b8f7a8-ff5e-4205-90ab-a9b9bb55c3c6', issuer='jffe@000', subject='jffe@000/users/anonymous', expiry=1637965923678, refreshable=false
2021-11-26T22:22:03.679Z [AUDIT] Token created by 'jffe@000': tokenId='5d14bab9-9c3b-4e6b-ba6b-68dc26c63b2a', issuer='jffe@000', subject='jffe@000/users/anonymous', expiry=1637965923679, refreshable=false
2021-11-26T22:27:48.621Z [AUDIT] Token created by 'anonymous': tokenId='4ddb5ab2-c447-4098-bc30-a01f552534e6', issuer='jfrou@01fnf1mq411yc9j17848m67sgg', subject='jfrou@01fnf1mq411yc9j17848m67sgg', expiry=none, refreshable=false
2021-11-26T22:27:48.695Z [AUDIT] Token revoked by 'anonymous': tokenId='5bf44071-9b87-43bc-826c-637fda302932', issuer='jfrou@01fnf1mq411yc9j17848m67sgg', subject='jfrou@01fnf1mq411yc9j17848m67sgg', expiry=none, refreshable=false
2021-11-26T22:27:50.554Z [AUDIT] Token created by 'anonymous': tokenId='03b99e71-d171-4aa7-989a-0bab10b93502', issuer='jfac@01fnf1mjebk08f123fqpr71am0', subject='jfac@01fnf1mjebk08f123fqpr71am0', expiry=1637965790546, refreshable=false
2021-11-26T22:27:50.735Z [AUDIT] Token created by 'anonymous': tokenId='a9f57ddd-87ac-4924-a7cd-1d77494f1d26', issuer='jfac@01fnf1mjebk08f123fqpr71am0', subject='jfac@01fnf1mjebk08f123fqpr71am0', expiry=1637965790702, refreshable=false
2021-11-26T22:27:50.950Z [AUDIT] Token created by 'anonymous': tokenId='2085c0d6-72f3-49e8-9b00-b38802461fb7', issuer='jfac@01fnf1mjebk08f123fqpr71am0', subject='jfac@01fnf1mjebk08f123fqpr71am0', expiry=1637965790949, refreshable=false
2021-11-26T22:27:51.173Z [AUDIT] Token created by 'anonymous': tokenId='22ee0191-c15a-45ee-9d18-1c1ef3f953a2', issuer='jfob@01fnf1mjebk08f123fqpr71am0', subject='jfob@01fnf1mjebk08f123fqpr71am0', expiry=none, refreshable=false
2021-11-26T22:27:51.180Z [AUDIT] Token revoked by 'anonymous': tokenId='2f220fd3-1062-4d75-8b8b-8e216ae2e9f4', issuer='jfob@01fnf1mjebk08f123fqpr71am0', subject='jfob@01fnf1mjebk08f123fqpr71am0', expiry=none, refreshable=false
2021-11-26T22:27:51.247Z [AUDIT] Token created by 'anonymous': tokenId='a3a2e270-eaa1-4d9f-8831-64edce22d8a1', issuer='jfmd@01fnf1mr0k2p6w6cz6e6fy2qpt', subject='jfmd@01fnf1mr0k2p6w6cz6e6fy2qpt', expiry=none, refreshable=false
2021-11-26T22:27:51.252Z [AUDIT] Token revoked by 'anonymous': tokenId='b5ee8dcd-863b-4d67-88d6-d6df9d61394f', issuer='jfmd@01fnf1mr0k2p6w6cz6e6fy2qpt', subject='jfmd@01fnf1mr0k2p6w6cz6e6fy2qpt', expiry=none, refreshable=false
2021-11-26T22:27:51.361Z [AUDIT] Token created by 'anonymous': tokenId='cfffa592-f7f1-430c-a050-f3cabd12612c', issuer='jfac@01fnf1mjebk08f123fqpr71am0', subject='jfac@01fnf1mjebk08f123fqpr71am0', expiry=1637965791359, refreshable=false
2021-11-26T22:27:51.694Z [AUDIT] Token created by 'anonymous': tokenId='2fbf8ae3-f023-4efb-aa99-977cbdb650ad', issuer='jfrt@01fnf1mwvggrgx1ytp54rh032v', subject='jfrt@01fnf1mwvggrgx1ytp54rh032v', expiry=none, refreshable=false
2021-11-26T22:27:51.699Z [AUDIT] Token revoked by 'anonymous': tokenId='94e63c87-a117-42ac-8d12-e184c1e670ab', issuer='jfrt@01fnf1mwvggrgx1ytp54rh032v', subject='jfrt@01fnf1mwvggrgx1ytp54rh032v', expiry=none, refreshable=false
2021-11-26T22:27:52.777Z [AUDIT] Token created by 'jfrt@01fnf1mwvggrgx1ytp54rh032v': tokenId='9ea4a8a4-f563-4699-9913-c1839d5f7d03', issuer='jfrt@01fnf1mwvggrgx1ytp54rh032v', subject='jfrt@01fnf1mwvggrgx1ytp54rh032v', expiry=2584045672776, refreshable=false
2021-11-26T22:27:56.305Z [AUDIT] Token created by 'anonymous': tokenId='694dda3a-ee57-4118-abb7-a319d5b411cb', issuer='jffe@000', subject='jffe@000', expiry=none, refreshable=false
2021-11-26T22:27:56.309Z [AUDIT] Token revoked by 'anonymous': tokenId='5851d290-3dfb-4268-90d7-b053be39bcc8', issuer='jffe@000', subject='jffe@000', expiry=none, refreshable=false
2021-11-26T22:27:56.347Z [AUDIT] Token created by 'jffe@000': tokenId='5f1762b5-6fb7-4c04-84c8-17c01fcf5c95', issuer='jffe@000', subject='jffe@000/users/jffe@000', expiry=1637966276347, refreshable=false
2021-11-26T22:28:23.194Z [AUDIT] Token created by 'jffe@000': tokenId='213187f1-2c9a-459b-9aa7-3f29adbbd8f3', issuer='jffe@000', subject='jffe@000/users/anonymous', expiry=1637966303193, refreshable=false
2021-11-26T22:28:23.194Z [AUDIT] Token created by 'jffe@000': tokenId='f593cc8f-a206-41b8-b0db-75d731c881a0', issuer='jffe@000', subject='jffe@000/users/anonymous', expiry=1637966303194, refreshable=false
2021-11-26T22:28:39.699Z [AUDIT] Token created by 'jffe@000': tokenId='103f9c5a-4de1-4706-b308-1b33b118449d', issuer='jffe@000', subject='jffe@000/users/admin', expiry=1637967519698, refreshable=true
2021-11-26T22:28:39.793Z [AUDIT] Token created by 'jffe@000': tokenId='571cbcaf-12d7-4843-a386-268f4bf7aa1b', issuer='jffe@000', subject='jffe@000/users/admin', expiry=1637966319793, refreshable=false
2021-11-26T22:28:39.795Z [AUDIT] Token created by 'jffe@000': tokenId='0287cdd3-d136-4161-a0d8-bbfb21ac091e', issuer='jffe@000', subject='jffe@000/users/admin', expiry=1637966319795, refreshable=false
2021-11-26T22:28:40.274Z [AUDIT] Token created by 'jffe@000': tokenId='e968c87d-80a8-467b-a957-81d11ca5fd49', issuer='jffe@000', subject='jffe@000/users/admin', expiry=1637966320273, refreshable=false
2021-11-26T22:32:36.107Z [AUDIT] Token created by 'jffe@000': tokenId='a0d82821-8e6e-4462-80eb-c661b8054b99', issuer='jffe@000', subject='jffe@000/users/admin', expiry=1637966556107, refreshable=false
2021-11-26T22:37:01.632Z [AUDIT] Token refreshed by 'jffe@000': oldTokenId='103f9c5a-4de1-4706-b308-1b33b118449d', tokenId='43ac6ea4-c473-42cd-ab72-1c531bfe1ddc', issuer='jffe@000', subject='jffe@000/users/admin', expiry=1637968021629, refreshable=true
2021-11-26T22:37:58.621Z [AUDIT] Token created by 'jffe@000': tokenId='40b8c244-f2ed-4c7a-bec1-99c4bb079f61', issuer='jffe@000', subject='jffe@000/users/jffe@000', expiry=1637966878621, refreshable=false
2021-11-26T22:37:58.621Z [AUDIT] Token created by 'jffe@000': tokenId='17ddd4c6-fd06-4c02-9873-ee0ac5172a68', issuer='jffe@000', subject='jffe@000/users/jffe@000', expiry=1637966878621, refreshable=false
2021-11-26T22:37:58.622Z [AUDIT] Token created by 'jffe@000': tokenId='caea3c9d-be82-4fff-8115-37f2a455a9a8', issuer='jffe@000', subject='jffe@000/users/jffe@000', expiry=1637966878622, refreshable=false
2021-11-26T22:37:58.623Z [AUDIT] Token created by 'jffe@000': tokenId='48320099-6d5a-4185-925f-c7f19cba02b7', issuer='jffe@000', subject='jffe@000/users/jffe@000', expiry=1637966878623, refreshable=false
2021-11-26T22:37:58.626Z [AUDIT] Token created by 'jffe@000': tokenId='5708f299-7644-40fa-a84e-e75ad17497c0', issuer='jffe@000', subject='jffe@000/users/jffe@000', expiry=1637966878626, refreshable=false
2021-11-26T22:39:01.592Z [AUDIT] Token created by 'jffe@000': tokenId='5f33727e-2da7-412c-9a27-83a519183f31', issuer='jffe@000', subject='jffe@000/users/admin', expiry=1637966941592, refreshable=false
2021-11-26T22:44:06.254Z [AUDIT] Token refreshed by 'jffe@000': oldTokenId='43ac6ea4-c473-42cd-ab72-1c531bfe1ddc', tokenId='d54aad8e-967f-4475-a7bc-95b044701f43', issuer='jffe@000', subject='jffe@000/users/admin', expiry=1637968446251, refreshable=true
2021-11-26T22:45:14.921Z [AUDIT] Token created by 'jffe@000': tokenId='d77a5980-aff1-40f7-9960-a57ff598c09d', issuer='jffe@000', subject='jffe@000/users/anonymous', expiry=1637967314920, refreshable=false
2021-11-26T22:45:14.922Z [AUDIT] Token created by 'jffe@000': tokenId='9b33a38a-3278-47c6-a048-76a2efcceae8', issuer='jffe@000', subject='jffe@000/users/anonymous', expiry=1637967314922, refreshable=false
2021-11-26T22:45:14.927Z [AUDIT] Token created by 'jffe@000': tokenId='92bacfd8-caaa-4f9e-99d0-8e56ce841686', issuer='jffe@000', subject='jffe@000/users/anonymous', expiry=1637967314927, refreshable=false
2021-11-26T22:45:14.933Z [AUDIT] Token created by 'jffe@000': tokenId='e385a5f3-db26-40e0-a554-5a50089d674a', issuer='jffe@000', subject='jffe@000/users/anonymous', expiry=1637967314933, refreshable=false
2021-11-26T22:47:58.655Z [AUDIT] Token created by 'jffe@000': tokenId='1c9a869d-33cd-45ff-865f-1448ecb2a558', issuer='jffe@000', subject='jffe@000/users/jffe@000', expiry=1637967478655, refreshable=false
2021-11-26T22:47:58.656Z [AUDIT] Token created by 'jffe@000': tokenId='ef457f09-3611-4c21-85a6-c125729cc3f2', issuer='jffe@000', subject='jffe@000/users/jffe@000', expiry=1637967478656, refreshable=false
2021-11-26T22:47:58.657Z [AUDIT] Token created by 'jffe@000': tokenId='6ed6b635-a8be-4df8-8631-83a17fb4523c', issuer='jffe@000', subject='jffe@000/users/jffe@000', expiry=1637967478657, refreshable=false
2021-11-26T22:47:58.661Z [AUDIT] Token created by 'jffe@000': tokenId='6097ad45-fad0-4294-a189-217a89dffe0e', issuer='jffe@000', subject='jffe@000/users/jffe@000', expiry=1637967478661, refreshable=false
2021-11-26T22:47:58.663Z [AUDIT] Token created by 'jffe@000': tokenId='6444435c-7505-4dda-895b-5a7baa011c07', issuer='jffe@000', subject='jffe@000/users/jffe@000', expiry=1637967478663, refreshable=false
2021-11-26T22:49:17.230Z [AUDIT] Token created by 'jffe@000': tokenId='0e1bdf1c-359b-4627-bf79-c926a5b6d253', issuer='jffe@000', subject='jffe@000/users/admin', expiry=1637968757229, refreshable=true
2021-11-26T22:49:17.339Z [AUDIT] Token created by 'jffe@000': tokenId='61029b9f-8e17-4325-bafe-0b108e641d64', issuer='jffe@000', subject='jffe@000/users/admin', expiry=1637967557339, refreshable=false
2021-11-26T22:49:17.340Z [AUDIT] Token created by 'jffe@000': tokenId='2c6ebc9e-ae31-4193-97b9-a996bec8f43b', issuer='jffe@000', subject='jffe@000/users/admin', expiry=1637967557340, refreshable=false
2021-11-26T22:56:22.616Z [AUDIT] Token refreshed by 'jffe@000': oldTokenId='0e1bdf1c-359b-4627-bf79-c926a5b6d253', tokenId='c75bd5a7-5b7b-4740-adb8-e71e7485d596', issuer='jffe@000', subject='jffe@000/users/admin', expiry=1637969182615, refreshable=true
2021-11-26T22:57:58.695Z [AUDIT] Token created by 'jffe@000': tokenId='bdc392b4-006f-4b2b-ac85-c155658df0a8', issuer='jffe@000', subject='jffe@000/users/jffe@000', expiry=1637968078695, refreshable=false
2021-11-26T22:57:58.695Z [AUDIT] Token created by 'jffe@000': tokenId='19ad03e4-119b-4f91-8497-4bc6c4ec76d1', issuer='jffe@000', subject='jffe@000/users/jffe@000', expiry=1637968078695, refreshable=false
2021-11-26T22:57:58.699Z [AUDIT] Token created by 'jffe@000': tokenId='939de265-fa7d-4eb7-b8c4-b97be3ef5281', issuer='jffe@000', subject='jffe@000/users/jffe@000', expiry=1637968078699, refreshable=false
2021-11-26T22:57:58.700Z [AUDIT] Token created by 'jffe@000': tokenId='2133d2bf-2b50-4d9a-921f-1314393f47a9', issuer='jffe@000', subject='jffe@000/users/jffe@000', expiry=1637968078699, refreshable=false
2021-11-26T22:57:58.701Z [AUDIT] Token created by 'jffe@000': tokenId='313a690e-6c63-4f46-b896-b3ef2eb5d2ce', issuer='jffe@000', subject='jffe@000/users/jffe@000', expiry=1637968078700, refreshable=false
2021-11-26T22:59:39.847Z [AUDIT] Token created by 'jffe@000': tokenId='8ff76a9e-c6c9-468e-a93c-86be4aa6c2f9', issuer='jffe@000', subject='jffe@000/users/admin', expiry=1637968179847, refreshable=false
2021-11-26T23:00:00.452Z [AUDIT] Token created by 'anonymous': tokenId='1dcc64f2-470b-43a9-ab08-e36a8693e7a3', issuer='jfac@01fnf1mjebk08f123fqpr71am0', subject='jfac@01fnf1mjebk08f123fqpr71am0', expiry=1637967620452, refreshable=false
2021-11-26T23:07:58.749Z [AUDIT] Token created by 'jffe@000': tokenId='9948c001-a2b5-4466-8005-9e4072fcfd87', issuer='jffe@000', subject='jffe@000/users/jffe@000', expiry=1637968678749, refreshable=false
2021-11-26T23:07:58.749Z [AUDIT] Token created by 'jffe@000': tokenId='600cfb02-8a8a-4e7c-9d45-48fc2531025c', issuer='jffe@000', subject='jffe@000/users/jffe@000', expiry=1637968678749, refreshable=false
2021-11-26T23:07:58.753Z [AUDIT] Token created by 'jffe@000': tokenId='c964505d-b635-499e-af1f-f95d45d3f61a', issuer='jffe@000', subject='jffe@000/users/jffe@000', expiry=1637968678753, refreshable=false
2021-11-26T23:07:58.753Z [AUDIT] Token created by 'jffe@000': tokenId='6f0a403a-3f38-4c1f-aea6-6b866f26df38', issuer='jffe@000', subject='jffe@000/users/jffe@000', expiry=1637968678751, refreshable=false
2021-11-26T23:07:58.751Z [AUDIT] Token created by 'jffe@000': tokenId='bea44f74-eaad-49cd-b686-f5b87bff49b7', issuer='jffe@000', subject='jffe@000/users/jffe@000', expiry=1637968678751, refreshable=false
2021-11-26T23:10:11.421Z [AUDIT] Token created by 'jffe@000': tokenId='34761770-676d-4af9-bd4a-9c8a0c280fdf', issuer='jffe@000', subject='jffe@000/users/admin', expiry=1637968811421, refreshable=false
2021-11-26T23:17:58.799Z [AUDIT] Token created by 'jffe@000': tokenId='bb823f5d-1d8e-46f2-821b-b66d19a14e6f', issuer='jffe@000', subject='jffe@000/users/jffe@000', expiry=1637969278799, refreshable=false
2021-11-26T23:17:58.800Z [AUDIT] Token created by 'jffe@000': tokenId='656112f9-146d-44b3-8b25-a391c7d75282', issuer='jffe@000', subject='jffe@000/users/jffe@000', expiry=1637969278800, refreshable=false
2021-11-26T23:17:58.802Z [AUDIT] Token created by 'jffe@000': tokenId='5f0633ff-36a4-4e49-ada5-c7155ebed8c1', issuer='jffe@000', subject='jffe@000/users/jffe@000', expiry=1637969278802, refreshable=false
2021-11-26T23:17:58.802Z [AUDIT] Token created by 'jffe@000': tokenId='9cfe34e0-eba4-473c-ad20-0eeac6e49e1f', issuer='jffe@000', subject='jffe@000/users/jffe@000', expiry=1637969278802, refreshable=false
2021-11-26T23:17:58.802Z [AUDIT] Token created by 'jffe@000': tokenId='2dc06aed-3ec6-4d9f-83c4-7eb3f9296451', issuer='jffe@000', subject='jffe@000/users/jffe@000', expiry=1637969278802, refreshable=false
2021-11-26T23:21:07.829Z [AUDIT] Token created by 'jffe@000': tokenId='c3052db1-bfa7-43e1-92cb-56f8cbda14c3', issuer='jffe@000', subject='jffe@000/users/admin', expiry=1637969467829, refreshable=false
2021-11-26T23:27:58.890Z [AUDIT] Token created by 'jffe@000': tokenId='7974f162-baf8-414e-be3e-fe01b92766d2', issuer='jffe@000', subject='jffe@000/users/jffe@000', expiry=1637969878890, refreshable=false
2021-11-26T23:27:58.890Z [AUDIT] Token created by 'jffe@000': tokenId='eb8f4b85-b6f8-4103-a4cd-d02619f5d4b6', issuer='jffe@000', subject='jffe@000/users/jffe@000', expiry=1637969878890, refreshable=false
2021-11-26T23:27:58.890Z [AUDIT] Token created by 'jffe@000': tokenId='1793cf4c-ff64-4b35-aac1-2b980fe5002f', issuer='jffe@000', subject='jffe@000/users/jffe@000', expiry=1637969878890, refreshable=false
2021-11-26T23:27:58.892Z [AUDIT] Token created by 'jffe@000': tokenId='f6f5e099-6f7f-4a05-b31f-abb6e00d1db2', issuer='jffe@000', subject='jffe@000/users/jffe@000', expiry=1637969878891, refreshable=false
2021-11-26T23:27:58.894Z [AUDIT] Token created by 'jffe@000': tokenId='fae71e06-3563-4308-82da-0afb22efee1a', issuer='jffe@000', subject='jffe@000/users/jffe@000', expiry=1637969878894, refreshable=false
2021-11-26T23:28:05.689Z [AUDIT] Token created by 'jffe@000': tokenId='7bc83358-dc88-421d-9434-e4188720080d', issuer='jffe@000', subject='jffe@000/users/anonymous', expiry=1637969885688, refreshable=false
2021-11-26T23:28:05.690Z [AUDIT] Token created by 'jffe@000': tokenId='58442287-29d9-4e76-ab3c-933237b2e7c6', issuer='jffe@000', subject='jffe@000/users/anonymous', expiry=1637969885690, refreshable=false
2021-11-26T23:28:05.693Z [AUDIT] Token created by 'jffe@000': tokenId='3c25d3d1-2cf9-4166-a088-dfc5cec19720', issuer='jffe@000', subject='jffe@000/users/anonymous', expiry=1637969885693, refreshable=false
2021-11-26T23:28:05.693Z [AUDIT] Token created by 'jffe@000': tokenId='453bad18-0920-4544-8560-6464ab205572', issuer='jffe@000', subject='jffe@000/users/anonymous', expiry=1637969885693, refreshable=false
2021-11-26T23:37:58.941Z [AUDIT] Token created by 'jffe@000': tokenId='905b1f9f-0174-4b9a-96a7-77b3a08d626b', issuer='jffe@000', subject='jffe@000/users/jffe@000', expiry=1637970478941, refreshable=false
2021-11-26T23:37:58.941Z [AUDIT] Token created by 'jffe@000': tokenId='99263be9-7445-4a04-9b57-2aa5fa21c011', issuer='jffe@000', subject='jffe@000/users/jffe@000', expiry=1637970478941, refreshable=false
2021-11-26T23:37:58.941Z [AUDIT] Token created by 'jffe@000': tokenId='427145b8-3178-438c-a5c8-916588852253', issuer='jffe@000', subject='jffe@000/users/jffe@000', expiry=1637970478941, refreshable=false
2021-11-26T23:37:58.942Z [AUDIT] Token created by 'jffe@000': tokenId='686f4cae-20ca-4345-a41c-fcc56d504cdb', issuer='jffe@000', subject='jffe@000/users/jffe@000', expiry=1637970478941, refreshable=false
2021-11-26T23:37:58.944Z [AUDIT] Token created by 'jffe@000': tokenId='4b010a4e-1253-469a-a6e5-e6d2d9f2bd21', issuer='jffe@000', subject='jffe@000/users/jffe@000', expiry=1637970478944, refreshable=false
2021-11-26T23:47:59.015Z [AUDIT] Token created by 'jffe@000': tokenId='6a6c70d2-7429-4dde-b322-099628427b80', issuer='jffe@000', subject='jffe@000/users/jffe@000', expiry=1637971079015, refreshable=false
2021-11-26T23:47:59.015Z [AUDIT] Token created by 'jffe@000': tokenId='4c0e229d-3562-4366-8745-aaf28e752d8d', issuer='jffe@000', subject='jffe@000/users/jffe@000', expiry=1637971079015, refreshable=false
2021-11-26T23:47:59.015Z [AUDIT] Token created by 'jffe@000': tokenId='c6e0e0a2-b49f-4159-a748-7d513370cad7', issuer='jffe@000', subject='jffe@000/users/jffe@000', expiry=1637971079015, refreshable=false
2021-11-26T23:47:59.016Z [AUDIT] Token created by 'jffe@000': tokenId='8576f92d-a56b-4620-aab0-7d27a7fa3994', issuer='jffe@000', subject='jffe@000/users/jffe@000', expiry=1637971079016, refreshable=false
2021-11-26T23:47:59.023Z [AUDIT] Token created by 'jffe@000': tokenId='ebbcb77e-12ed-4a74-bfc1-e4b287d87562', issuer='jffe@000', subject='jffe@000/users/jffe@000', expiry=1637971079023, refreshable=false
2021-11-26T23:57:40.892Z [AUDIT] Token created by 'jffe@000': tokenId='5701daa0-bc8f-4015-a4c4-7bdb89dc8a4e', issuer='jffe@000', subject='jffe@000/users/admin', expiry=1637972860890, refreshable=true
2021-11-26T23:57:41.010Z [AUDIT] Token created by 'jffe@000': tokenId='785bd096-3e78-459f-b3e6-a5068ccad468', issuer='jffe@000', subject='jffe@000/users/admin', expiry=1637971661010, refreshable=false
2021-11-26T23:57:41.013Z [AUDIT] Token created by 'jffe@000': tokenId='53a8b817-f474-47fe-97c4-b0a52841f48d', issuer='jffe@000', subject='jffe@000/users/admin', expiry=1637971661013, refreshable=false
2021-11-26T23:57:41.215Z [AUDIT] Token created by 'jffe@000': tokenId='3b04c4d8-94c2-4ab5-8250-8e3e7d89a058', issuer='jffe@000', subject='jffe@000/users/anonymous', expiry=1637971661215, refreshable=false
2021-11-26T23:57:41.450Z [AUDIT] Token created by 'jffe@000': tokenId='526499f7-c946-462e-a30b-65c4d7b6d0b2', issuer='jffe@000', subject='jffe@000/users/admin', expiry=1637971661450, refreshable=false
2021-11-26T23:57:59.084Z [AUDIT] Token created by 'jffe@000': tokenId='d78f03e2-f39e-430e-923b-35beadeebbe7', issuer='jffe@000', subject='jffe@000/users/jffe@000', expiry=1637971679084, refreshable=false
2021-11-26T23:57:59.085Z [AUDIT] Token created by 'jffe@000': tokenId='a281c47f-1c8f-4557-b160-8889f3b6c9e6', issuer='jffe@000', subject='jffe@000/users/jffe@000', expiry=1637971679085, refreshable=false
2021-11-26T23:57:59.087Z [AUDIT] Token created by 'jffe@000': tokenId='96c8c848-2c1c-4a4f-8f83-728548fd8e87', issuer='jffe@000', subject='jffe@000/users/jffe@000', expiry=1637971679087, refreshable=false
2021-11-26T23:57:59.088Z [AUDIT] Token created by 'jffe@000': tokenId='e6e3e786-5570-4923-a1b5-e23b856b01b3', issuer='jffe@000', subject='jffe@000/users/jffe@000', expiry=1637971679088, refreshable=false
2021-11-26T23:57:59.096Z [AUDIT] Token created by 'jffe@000': tokenId='3bd8fd92-7f14-41cd-a8da-d112bfe6009f', issuer='jffe@000', subject='jffe@000/users/jffe@000', expiry=1637971679096, refreshable=false
2021-11-27T00:07:52.551Z [AUDIT] Token created by 'jffe@000': tokenId='9a9ece99-6f2f-475e-aaea-c4647d2e6daa', issuer='jffe@000', subject='jffe@000/users/admin', expiry=1637972272551, refreshable=false
2021-11-27T00:07:59.121Z [AUDIT] Token created by 'jffe@000': tokenId='f90f3cd5-a2c9-4a9e-8a73-baee776be3c3', issuer='jffe@000', subject='jffe@000/users/jffe@000', expiry=1637972279121, refreshable=false
2021-11-27T00:07:59.122Z [AUDIT] Token created by 'jffe@000': tokenId='cbf7264e-1670-46ff-9762-4a6d9c7ca8b3', issuer='jffe@000', subject='jffe@000/users/jffe@000', expiry=1637972279122, refreshable=false
2021-11-27T00:07:59.123Z [AUDIT] Token created by 'jffe@000': tokenId='61136360-aa08-4c1d-9f7b-f929cdab6ac1', issuer='jffe@000', subject='jffe@000/users/jffe@000', expiry=1637972279123, refreshable=false
2021-11-27T00:07:59.131Z [AUDIT] Token created by 'jffe@000': tokenId='83c6974e-387e-45bc-b4cb-92b10887a472', issuer='jffe@000', subject='jffe@000/users/jffe@000', expiry=1637972279131, refreshable=false
2021-11-27T00:07:59.135Z [AUDIT] Token created by 'jffe@000': tokenId='0ec87e5e-35d2-44c1-adef-0d86ca05fddd', issuer='jffe@000', subject='jffe@000/users/jffe@000', expiry=1637972279135, refreshable=false
2021-11-27T00:17:51.974Z [AUDIT] Token created by 'anonymous': tokenId='1dcab2ca-8c1a-4c51-ab80-591729be1d46', issuer='jfrou@01fnf1mq411yc9j17848m67sgg', subject='jfrou@01fnf1mq411yc9j17848m67sgg', expiry=none, refreshable=false
2021-11-27T00:17:52.022Z [AUDIT] Token revoked by 'anonymous': tokenId='4ddb5ab2-c447-4098-bc30-a01f552534e6', issuer='jfrou@01fnf1mq411yc9j17848m67sgg', subject='jfrou@01fnf1mq411yc9j17848m67sgg', expiry=none, refreshable=false
2021-11-27T00:17:54.726Z [AUDIT] Token created by 'anonymous': tokenId='aced2486-a13a-4fe6-8b75-4ecdfb958ed5', issuer='jfac@01fnf1mjebk08f123fqpr71am0', subject='jfac@01fnf1mjebk08f123fqpr71am0', expiry=1637972394723, refreshable=false
2021-11-27T00:17:54.849Z [AUDIT] Token created by 'anonymous': tokenId='d153bcb9-06a6-4c0c-acf8-b837af2ae94d', issuer='jfac@01fnf1mjebk08f123fqpr71am0', subject='jfac@01fnf1mjebk08f123fqpr71am0', expiry=1637972394847, refreshable=false
2021-11-27T00:17:55.075Z [AUDIT] Token created by 'anonymous': tokenId='d730ff57-edb3-44e2-bd55-7dde422b6219', issuer='jfac@01fnf1mjebk08f123fqpr71am0', subject='jfac@01fnf1mjebk08f123fqpr71am0', expiry=1637972395059, refreshable=false
2021-11-27T00:17:55.485Z [AUDIT] Token created by 'anonymous': tokenId='5eeacb3a-3a86-4923-93a1-ad55331cc6ad', issuer='jfac@01fnf1mjebk08f123fqpr71am0', subject='jfac@01fnf1mjebk08f123fqpr71am0', expiry=1637972395483, refreshable=false
2021-11-27T00:17:56.292Z [AUDIT] Token created by 'anonymous': tokenId='25829f80-fda1-496e-bf73-608a82be9ac8', issuer='jfac@01fnf1mjebk08f123fqpr71am0', subject='jfac@01fnf1mjebk08f123fqpr71am0', expiry=1637972396290, refreshable=false
2021-11-27T00:17:56.584Z [AUDIT] Token created by 'anonymous': tokenId='ef139d15-4432-47aa-8838-1606cb67fdc4', issuer='jfmd@01fnf1mr0k2p6w6cz6e6fy2qpt', subject='jfmd@01fnf1mr0k2p6w6cz6e6fy2qpt', expiry=none, refreshable=false
2021-11-27T00:17:56.590Z [AUDIT] Token revoked by 'anonymous': tokenId='a3a2e270-eaa1-4d9f-8831-64edce22d8a1', issuer='jfmd@01fnf1mr0k2p6w6cz6e6fy2qpt', subject='jfmd@01fnf1mr0k2p6w6cz6e6fy2qpt', expiry=none, refreshable=false
2021-11-27T00:17:57.184Z [AUDIT] Token created by 'anonymous': tokenId='241e0942-d8b1-4581-975f-b4bf8d9846ea', issuer='jfob@01fnf1mjebk08f123fqpr71am0', subject='jfob@01fnf1mjebk08f123fqpr71am0', expiry=none, refreshable=false
2021-11-27T00:17:57.216Z [AUDIT] Token revoked by 'anonymous': tokenId='22ee0191-c15a-45ee-9d18-1c1ef3f953a2', issuer='jfob@01fnf1mjebk08f123fqpr71am0', subject='jfob@01fnf1mjebk08f123fqpr71am0', expiry=none, refreshable=false
2021-11-27T00:17:57.340Z [AUDIT] Token created by 'anonymous': tokenId='5d68c01c-aefe-45b7-98dc-8dc93766a8f0', issuer='jfrt@01fnf1mwvggrgx1ytp54rh032v', subject='jfrt@01fnf1mwvggrgx1ytp54rh032v', expiry=none, refreshable=false
2021-11-27T00:17:57.353Z [AUDIT] Token revoked by 'anonymous': tokenId='2fbf8ae3-f023-4efb-aa99-977cbdb650ad', issuer='jfrt@01fnf1mwvggrgx1ytp54rh032v', subject='jfrt@01fnf1mwvggrgx1ytp54rh032v', expiry=none, refreshable=false
2021-11-27T00:17:58.454Z [AUDIT] Token created by 'jfrt@01fnf1mwvggrgx1ytp54rh032v': tokenId='b7a35cb2-3a28-4f8e-b22d-e5a33bcb2c1f', issuer='jfrt@01fnf1mwvggrgx1ytp54rh032v', subject='jfrt@01fnf1mwvggrgx1ytp54rh032v', expiry=2584052278453, refreshable=false
2021-11-27T00:18:02.220Z [AUDIT] Token created by 'anonymous': tokenId='2d64c69b-6720-467c-810c-c137a0766d1b', issuer='jffe@000', subject='jffe@000', expiry=none, refreshable=false
2021-11-27T00:18:02.225Z [AUDIT] Token revoked by 'anonymous': tokenId='694dda3a-ee57-4118-abb7-a319d5b411cb', issuer='jffe@000', subject='jffe@000', expiry=none, refreshable=false
2021-11-27T00:18:02.267Z [AUDIT] Token created by 'jffe@000': tokenId='3d96c67e-271a-40ed-89b2-57ad2eca53cb', issuer='jffe@000', subject='jffe@000/users/jffe@000', expiry=1637972882267, refreshable=false
2021-11-27T00:28:04.534Z [AUDIT] Token created by 'jffe@000': tokenId='0e29f4c1-4ebf-4d2f-be3a-0aef57d45101', issuer='jffe@000', subject='jffe@000/users/jffe@000', expiry=1637973484534, refreshable=false
2021-11-27T00:28:04.537Z [AUDIT] Token created by 'jffe@000': tokenId='18b5fb97-3c26-4976-beae-f1680392d2ac', issuer='jffe@000', subject='jffe@000/users/jffe@000', expiry=1637973484537, refreshable=false
2021-11-27T00:28:04.538Z [AUDIT] Token created by 'jffe@000': tokenId='d6137dd6-e605-462f-87dd-d440eb7480ac', issuer='jffe@000', subject='jffe@000/users/jffe@000', expiry=1637973484537, refreshable=false
2021-11-27T00:28:04.546Z [AUDIT] Token created by 'jffe@000': tokenId='c959c492-6b0b-4261-9149-27fe5d75d843', issuer='jffe@000', subject='jffe@000/users/jffe@000', expiry=1637973484538, refreshable=false
2021-11-27T00:28:04.575Z [AUDIT] Token created by 'jffe@000': tokenId='dcc9bc46-47b9-4601-88b1-0edb3e581847', issuer='jffe@000', subject='jffe@000/users/jffe@000', expiry=1637973484560, refreshable=false
