2021-11-27T00:17:38.859Z [jffe ] [[34M[INFO ][39M] [                ] [                              ] [main                ] - frontend (jffe) service initialization started. Version: 1.27.12 Revision: 10000012 PID: 4034 Home: /opt/jfrog/artifactory
2021-11-27T00:17:38.861Z [jffe ] [[34M[INFO ][39M] [                ] [                              ] [main                ] - attempting pinging artifactory for 180 retires and 1.0s interval for total of 3 minutes
2021-11-27T00:17:47.904Z [jffe ] [[34M[INFO ][39M] [                ] [                              ] [main                ] - pinging artifactory, attempt number 10
2021-11-27T00:17:47.905Z [jffe ] [[34M[INFO ][39M] [                ] [                              ] [main                ] - pinging artifactory attempt number 10 failed with code : ECONNREFUSED
2021-11-27T00:17:57.945Z [jffe ] [[34M[INFO ][39M] [                ] [                              ] [main                ] - pinging artifactory, attempt number 20
2021-11-27T00:17:57.947Z [jffe ] [[34M[INFO ][39M] [                ] [                              ] [main                ] - pinging artifactory attempt number 20 failed with code : undefined
2021-11-27T00:18:02.192Z [jffe ] [[34M[INFO ][39M] [                ] [                              ] [main                ] - artifactory was pinged successfully
2021-11-27T00:18:02.192Z [jffe ] [[34M[INFO ][39M] [                ] [                              ] [main                ] - setting service id - jffe@000
2021-11-27T00:18:02.231Z [jffe ] [[34M[INFO ][39M] [                ] [                              ] [main                ] - Cluster join: Successfully joined the cluster
2021-11-27T00:18:02.260Z [jffe ] [[34M[INFO ][39M] [                ] [                              ] [main                ] - UI service successfully registered on router, serviceId: jffe@000
2021-11-27T00:18:02.482Z [jffe ] [[34M[INFO ][39M] [                ] [                              ] [main                ] - Recurring tasks started
2021-11-27T00:18:02.773Z [jffe ] [[34M[INFO ][39M] [                ] [                              ] [main                ] - frontend (jffe) service initialization completed in 24.67 seconds. Listening on port: port 8070
2021-11-27T00:37:30.019Z [jffe ] [[31M[1M[ERROR][22M[39M] [                ] [                              ] [main                ] - http [get] request to /api/v1/topology failed with 404 code
2021-11-27T00:37:30.062Z [jffe ] [[31M[1M[ERROR][22M[39M] [                ] [                              ] [main                ] - Error: Request failed with status code 404
    at createError (/opt/jfrog/artifactory/app/frontend/bin/server/dist/node_modules/axios/lib/core/createError.js:16:15)
    at settle (/opt/jfrog/artifactory/app/frontend/bin/server/dist/node_modules/axios/lib/core/settle.js:17:12)
    at IncomingMessage.handleStreamEnd (/opt/jfrog/artifactory/app/frontend/bin/server/dist/node_modules/axios/lib/adapters/http.js:260:11)
    at IncomingMessage.emit (events.js:203:15)
    at endReadableNT (_stream_readable.js:1145:12)
    at process._tickCallback (internal/process/next_tick.js:63:19)
