2021-11-26T21:15:09.140Z [jfob ] [INFO ] [0acca2775a87a8a3] [security_keys.go:149          ] [main                ] - Master key is missing. Pending for 5 seconds with 2m0s timeout [startup]
2021-11-26T21:15:14.150Z [jfob ] [INFO ] [0acca2775a87a8a3] [security_keys.go:149          ] [main                ] - Master key is missing. Pending for 10 seconds with 2m0s timeout [startup]
2021-11-26T21:15:19.156Z [jfob ] [INFO ] [0acca2775a87a8a3] [security_keys.go:149          ] [main                ] - Master key is missing. Pending for 15 seconds with 2m0s timeout [startup]
2021-11-26T21:15:24.160Z [jfob ] [INFO ] [0acca2775a87a8a3] [security_keys.go:163          ] [main                ] - Cluster join: Join key is missing. Pending for 20 seconds with 2m0s timeout [startup]
2021-11-26T21:15:30.178Z [jfob ] [INFO ] [0acca2775a87a8a3] [access_thin_client.go:103     ] [main                ] - Cluster join: Retry 5: Service registry ping failed, will retry. Error: failed to ping access, response status: 404 Not Found (returned 404) [startup]
2021-11-26T21:15:33.195Z [jfob ] [INFO ] [0acca2775a87a8a3] [bootstrap.go:84               ] [main                ] - JFrog Observability Service ID: jfob@01fnf1mjebk08f123fqpr71am0 [startup]
2021-11-26T21:15:33.195Z [jfob ] [INFO ] [0acca2775a87a8a3] [bootstrap.go:85               ] [main                ] - JFrog Observability Node ID   : 36c68c60f979 [startup]
2021-11-26T21:15:33.195Z [jfob ] [INFO ] [0acca2775a87a8a3] [bootstrap.go:86               ] [main                ] - JFrog Observability Node IP   : 172.18.0.2 [startup]
2021-11-26T21:15:33.235Z [jfob ] [INFO ] [0acca2775a87a8a3] [access_join.go:50             ] [main                ] - Cluster join: Successfully joined the cluster [application]
2021-11-26T21:15:33.235Z [jfob ] [INFO ] [0acca2775a87a8a3] [access_join.go:50             ] [main                ] - Cluster join: executing Router register at: localhost:8046 for service id jfob@01fnf1mjebk08f123fqpr71am0 [application]
2021-11-26T21:15:33.239Z [jfob ] [INFO ] [0acca2775a87a8a3] [application.go:133            ] [main                ] - JFrog Observability (jfob) service initialization completed in 29.104 seconds. HTTP server listening on 127.0.0.1:8036.  [application]
2021-11-26T21:15:33.239Z [jfob ] [INFO ] [0acca2775a87a8a3] [shipping_service.go:100       ] [main                ] - Shipping Duration Interval 60ns and Consumption Duration Interval 60ns  [shipping_service]
2021-11-26T21:20:33.313Z [jfob ] [ERROR] [0acca2775a87a8a3] [access_join.go:74             ] [main                ] - Refreshing platform config change events gRPC stream - got an error (status code: 13) - resubscribe expected [access_client]
2021-11-26T21:25:34.767Z [jfob ] [ERROR] [0acca2775a87a8a3] [access_join.go:74             ] [main                ] - Refreshing platform config change events gRPC stream - got an error (status code: 13) - resubscribe expected [access_client]
2021-11-26T21:45:36.740Z [jfob ] [ERROR] [0acca2775a87a8a3] [access_join.go:74             ] [main                ] - Refreshing platform config change events gRPC stream - got an error (status code: 13) - resubscribe expected [access_client]
2021-11-26T22:20:36.783Z [jfob ] [ERROR] [0acca2775a87a8a3] [access_join.go:74             ] [main                ] - Refreshing platform config change events gRPC stream - got an error (status code: 13) - resubscribe expected [access_client]
2021-11-26T22:24:07.737Z [jfob ] [ERROR] [0acca2775a87a8a3] [access_join.go:74             ] [main                ] - Refreshing platform config change events gRPC stream - got an error (status code: 13) - resubscribe expected [access_client]
2021-11-26T22:24:07.784Z [jfob ] [ERROR] [0acca2775a87a8a3] [access_join.go:74             ] [main                ] - Refreshing platform config change events gRPC stream - got an error (status code: 12) - resubscribe expected [access_client]
2021-11-26T22:24:07.800Z [jfob ] [ERROR] [0acca2775a87a8a3] [access_join.go:74             ] [main                ] - Refreshing platform config change events gRPC stream - got an error (status code: 12) - resubscribe expected [access_client]
2021-11-26T22:24:07.821Z [jfob ] [ERROR] [0acca2775a87a8a3] [access_join.go:74             ] [main                ] - Refreshing platform config change events gRPC stream - got an error (status code: 12) - resubscribe expected [access_client]
2021-11-26T22:24:07.863Z [jfob ] [ERROR] [0acca2775a87a8a3] [access_join.go:74             ] [main                ] - Refreshing platform config change events gRPC stream - got an error (status code: 12) - resubscribe expected [access_client]
2021-11-26T22:24:07.944Z [jfob ] [ERROR] [0acca2775a87a8a3] [access_join.go:74             ] [main                ] - Refreshing platform config change events gRPC stream - got an error (status code: 12) - resubscribe expected [access_client]
2021-11-26T22:24:08.117Z [jfob ] [ERROR] [0acca2775a87a8a3] [access_join.go:74             ] [main                ] - Refreshing platform config change events gRPC stream - got an error (status code: 12) - resubscribe expected [access_client]
2021-11-26T22:24:08.440Z [jfob ] [ERROR] [0acca2775a87a8a3] [access_join.go:74             ] [main                ] - Refreshing platform config change events gRPC stream - got an error (status code: 12) - resubscribe expected [access_client]
2021-11-26T22:24:09.081Z [jfob ] [ERROR] [0acca2775a87a8a3] [access_join.go:74             ] [main                ] - Refreshing platform config change events gRPC stream - got an error (status code: 12) - resubscribe expected [access_client]
2021-11-26T22:24:10.362Z [jfob ] [ERROR] [0acca2775a87a8a3] [access_join.go:74             ] [main                ] - Refreshing platform config change events gRPC stream - got an error (status code: 12) - resubscribe expected [access_client]
2021-11-26T22:27:33.297Z [jfob ] [INFO ] [30c9f65b2ce1c28b] [access_thin_client.go:103     ] [main                ] - Cluster join: Retry 5: Service registry ping failed, will retry. Error: failed connecting to local router at address 'http://localhost:8046/access/api/v1/system/ping': Get "http://localhost:8046/access/api/v1/system/ping": dial tcp 127.0.0.1:8046: connect: connection refused [startup]
2021-11-26T22:27:39.130Z [jfob ] [INFO ] [30c9f65b2ce1c28b] [access_thin_client.go:103     ] [main                ] - Cluster join: Retry 10: Service registry ping failed, will retry. Error: failed connecting to local router at address 'http://localhost:8046/access/api/v1/system/ping': Get "http://localhost:8046/access/api/v1/system/ping": dial tcp 127.0.0.1:8046: connect: connection refused [startup]
2021-11-26T22:27:44.136Z [jfob ] [INFO ] [30c9f65b2ce1c28b] [access_thin_client.go:103     ] [main                ] - Cluster join: Retry 15: Service registry ping failed, will retry. Error: failed connecting to local router at address 'http://localhost:8046/access/api/v1/system/ping': Get "http://localhost:8046/access/api/v1/system/ping": dial tcp 127.0.0.1:8046: connect: connection refused [startup]
2021-11-26T22:27:49.139Z [jfob ] [INFO ] [30c9f65b2ce1c28b] [access_thin_client.go:103     ] [main                ] - Cluster join: Retry 20: Service registry ping failed, will retry. Error: failed to ping access, response status: 404 Not Found (returned 404) [startup]
2021-11-26T22:27:51.151Z [jfob ] [INFO ] [30c9f65b2ce1c28b] [bootstrap.go:84               ] [main                ] - JFrog Observability Service ID: jfob@01fnf1mjebk08f123fqpr71am0 [startup]
2021-11-26T22:27:51.152Z [jfob ] [INFO ] [30c9f65b2ce1c28b] [bootstrap.go:85               ] [main                ] - JFrog Observability Node ID   : 36c68c60f979 [startup]
2021-11-26T22:27:51.152Z [jfob ] [INFO ] [30c9f65b2ce1c28b] [bootstrap.go:86               ] [main                ] - JFrog Observability Node IP   : 172.18.0.2 [startup]
2021-11-26T22:27:51.190Z [jfob ] [INFO ] [30c9f65b2ce1c28b] [access_join.go:50             ] [main                ] - Cluster join: Successfully joined the cluster [application]
2021-11-26T22:27:51.190Z [jfob ] [INFO ] [30c9f65b2ce1c28b] [access_join.go:50             ] [main                ] - Cluster join: executing Router register at: localhost:8046 for service id jfob@01fnf1mjebk08f123fqpr71am0 [application]
2021-11-26T22:27:51.201Z [jfob ] [INFO ] [30c9f65b2ce1c28b] [application.go:133            ] [main                ] - JFrog Observability (jfob) service initialization completed in 22.506 seconds. HTTP server listening on 127.0.0.1:8036.  [application]
2021-11-26T22:27:51.202Z [jfob ] [INFO ] [30c9f65b2ce1c28b] [shipping_service.go:100       ] [main                ] - Shipping Duration Interval 60ns and Consumption Duration Interval 60ns  [shipping_service]
2021-11-27T00:11:50.011Z [jfob ] [ERROR] [30c9f65b2ce1c28b] [access_join.go:74             ] [main                ] - Refreshing platform config change events gRPC stream - got an error (status code: 13) - resubscribe expected [access_client]
2021-11-27T00:11:50.042Z [jfob ] [ERROR] [30c9f65b2ce1c28b] [access_join.go:74             ] [main                ] - Refreshing platform config change events gRPC stream - got an error (status code: 12) - resubscribe expected [access_client]
2021-11-27T00:11:50.053Z [jfob ] [ERROR] [30c9f65b2ce1c28b] [access_join.go:74             ] [main                ] - Refreshing platform config change events gRPC stream - got an error (status code: 12) - resubscribe expected [access_client]
2021-11-27T00:11:50.074Z [jfob ] [ERROR] [30c9f65b2ce1c28b] [access_join.go:74             ] [main                ] - Refreshing platform config change events gRPC stream - got an error (status code: 12) - resubscribe expected [access_client]
2021-11-27T00:11:50.114Z [jfob ] [ERROR] [30c9f65b2ce1c28b] [access_join.go:74             ] [main                ] - Refreshing platform config change events gRPC stream - got an error (status code: 12) - resubscribe expected [access_client]
2021-11-27T00:11:50.195Z [jfob ] [ERROR] [30c9f65b2ce1c28b] [access_join.go:74             ] [main                ] - Refreshing platform config change events gRPC stream - got an error (status code: 12) - resubscribe expected [access_client]
2021-11-27T00:11:50.357Z [jfob ] [ERROR] [30c9f65b2ce1c28b] [access_join.go:74             ] [main                ] - Refreshing platform config change events gRPC stream - got an error (status code: 12) - resubscribe expected [access_client]
2021-11-27T00:11:50.679Z [jfob ] [ERROR] [30c9f65b2ce1c28b] [access_join.go:74             ] [main                ] - Refreshing platform config change events gRPC stream - got an error (status code: 12) - resubscribe expected [access_client]
2021-11-27T00:11:51.208Z [jfob ] [WARN ] [30c9f65b2ce1c28b] [shipping_service.go:82        ] [main                ] - Unable to read access configuration from Platform Config getting config failed rpc error: code = Unimplemented desc = Not Found: HTTP status code 404; transport: received the unexpected content-type "text/plain; charset=utf-8" [shipping_service]
2021-11-27T00:11:51.208Z [jfob ] [WARN ] [30c9f65b2ce1c28b] [shipping_service.go:82        ] [main                ] - Unable to read access configuration from Platform Config getting config failed rpc error: code = Unimplemented desc = Not Found: HTTP status code 404; transport: received the unexpected content-type "text/plain; charset=utf-8" [shipping_service]
2021-11-27T00:11:51.324Z [jfob ] [ERROR] [30c9f65b2ce1c28b] [access_join.go:74             ] [main                ] - Refreshing platform config change events gRPC stream - got an error (status code: 12) - resubscribe expected [access_client]
2021-11-27T00:11:52.611Z [jfob ] [ERROR] [30c9f65b2ce1c28b] [access_join.go:74             ] [main                ] - Refreshing platform config change events gRPC stream - got an error (status code: 12) - resubscribe expected [access_client]
2021-11-27T00:17:38.932Z [jfob ] [INFO ] [7cc0ee8830f2dcb6] [access_thin_client.go:103     ] [main                ] - Cluster join: Retry 5: Service registry ping failed, will retry. Error: failed connecting to local router at address 'http://localhost:8046/access/api/v1/system/ping': Get "http://localhost:8046/access/api/v1/system/ping": dial tcp 127.0.0.1:8046: connect: connection refused [startup]
2021-11-27T00:17:44.108Z [jfob ] [INFO ] [7cc0ee8830f2dcb6] [access_thin_client.go:103     ] [main                ] - Cluster join: Retry 10: Service registry ping failed, will retry. Error: failed connecting to local router at address 'http://localhost:8046/access/api/v1/system/ping': Get "http://localhost:8046/access/api/v1/system/ping": dial tcp 127.0.0.1:8046: connect: connection refused [startup]
2021-11-27T00:17:49.112Z [jfob ] [INFO ] [7cc0ee8830f2dcb6] [access_thin_client.go:103     ] [main                ] - Cluster join: Retry 15: Service registry ping failed, will retry. Error: failed connecting to local router at address 'http://localhost:8046/access/api/v1/system/ping': Get "http://localhost:8046/access/api/v1/system/ping": dial tcp 127.0.0.1:8046: connect: connection refused [startup]
2021-11-27T00:17:54.139Z [jfob ] [INFO ] [7cc0ee8830f2dcb6] [access_thin_client.go:103     ] [main                ] - Cluster join: Retry 20: Service registry ping failed, will retry. Error: failed to ping access, response status: 404 Not Found (returned 404) [startup]
2021-11-27T00:17:57.160Z [jfob ] [INFO ] [7cc0ee8830f2dcb6] [bootstrap.go:84               ] [main                ] - JFrog Observability Service ID: jfob@01fnf1mjebk08f123fqpr71am0 [startup]
2021-11-27T00:17:57.161Z [jfob ] [INFO ] [7cc0ee8830f2dcb6] [bootstrap.go:85               ] [main                ] - JFrog Observability Node ID   : 36c68c60f979 [startup]
2021-11-27T00:17:57.161Z [jfob ] [INFO ] [7cc0ee8830f2dcb6] [bootstrap.go:86               ] [main                ] - JFrog Observability Node IP   : 172.18.0.3 [startup]
2021-11-27T00:17:57.224Z [jfob ] [INFO ] [7cc0ee8830f2dcb6] [access_join.go:50             ] [main                ] - Cluster join: Successfully joined the cluster [application]
2021-11-27T00:17:57.224Z [jfob ] [INFO ] [7cc0ee8830f2dcb6] [access_join.go:50             ] [main                ] - Cluster join: executing Router register at: localhost:8046 for service id jfob@01fnf1mjebk08f123fqpr71am0 [application]
2021-11-27T00:17:57.263Z [jfob ] [INFO ] [7cc0ee8830f2dcb6] [application.go:133            ] [main                ] - JFrog Observability (jfob) service initialization completed in 22.368 seconds. HTTP server listening on 127.0.0.1:8036.  [application]
2021-11-27T00:17:57.263Z [jfob ] [INFO ] [7cc0ee8830f2dcb6] [shipping_service.go:100       ] [main                ] - Shipping Duration Interval 60ns and Consumption Duration Interval 60ns  [shipping_service]
2021-11-27T00:37:25.970Z [jfob ] [ERROR] [7cc0ee8830f2dcb6] [access_join.go:74             ] [main                ] - Refreshing platform config change events gRPC stream - got an error (status code: 13) - resubscribe expected [access_client]
2021-11-27T00:37:25.977Z [jfob ] [ERROR] [7cc0ee8830f2dcb6] [access_join.go:74             ] [main                ] - Refreshing platform config change events gRPC stream - got an error (status code: 12) - resubscribe expected [access_client]
2021-11-27T00:37:25.988Z [jfob ] [ERROR] [7cc0ee8830f2dcb6] [access_join.go:74             ] [main                ] - Refreshing platform config change events gRPC stream - got an error (status code: 12) - resubscribe expected [access_client]
2021-11-27T00:37:26.009Z [jfob ] [ERROR] [7cc0ee8830f2dcb6] [access_join.go:74             ] [main                ] - Refreshing platform config change events gRPC stream - got an error (status code: 12) - resubscribe expected [access_client]
2021-11-27T00:37:26.050Z [jfob ] [ERROR] [7cc0ee8830f2dcb6] [access_join.go:74             ] [main                ] - Refreshing platform config change events gRPC stream - got an error (status code: 12) - resubscribe expected [access_client]
2021-11-27T00:37:26.133Z [jfob ] [ERROR] [7cc0ee8830f2dcb6] [access_join.go:74             ] [main                ] - Refreshing platform config change events gRPC stream - got an error (status code: 12) - resubscribe expected [access_client]
2021-11-27T00:37:26.297Z [jfob ] [ERROR] [7cc0ee8830f2dcb6] [access_join.go:74             ] [main                ] - Refreshing platform config change events gRPC stream - got an error (status code: 12) - resubscribe expected [access_client]
2021-11-27T00:37:26.619Z [jfob ] [ERROR] [7cc0ee8830f2dcb6] [access_join.go:74             ] [main                ] - Refreshing platform config change events gRPC stream - got an error (status code: 12) - resubscribe expected [access_client]
2021-11-27T00:37:27.279Z [jfob ] [ERROR] [7cc0ee8830f2dcb6] [access_join.go:74             ] [main                ] - Refreshing platform config change events gRPC stream - got an error (status code: 12) - resubscribe expected [access_client]
2021-11-27T00:37:28.561Z [jfob ] [ERROR] [7cc0ee8830f2dcb6] [access_join.go:74             ] [main                ] - Refreshing platform config change events gRPC stream - got an error (status code: 12) - resubscribe expected [access_client]
